<?xml version="1.0" encoding="UTF-8"?>
<!-- Generated by org.testng.reporters.JUnitXMLReporter -->
<testsuite ignored="0" hostname="Ankit" failures="0" tests="3" name="Default test" time="64.77" errors="0" timestamp="2024-08-07T10:57:35 IST">
  <testcase classname="dataProvider.ReadDataFromDifferentClass" name="Login" time="30.985"/>
  <testcase classname="dataProvider.ReadDataFromDifferentClass" name="Login" time="21.871"/>
  <testcase classname="dataProvider.ReadDataFromDifferentClass" name="Login" time="4.514"/>
</testsuite> <!-- Default test -->
