<?xml version="1.0" encoding="UTF-8"?>
<testng-results ignored="0" total="3" passed="3" failed="0" skipped="0">
  <reporter-output>
  </reporter-output>
  <suite started-at="2024-08-07T10:56:30 IST" name="Default suite" finished-at="2024-08-07T10:57:35 IST" duration-ms="64770">
    <groups>
    </groups>
    <test started-at="2024-08-07T10:56:30 IST" name="Default test" finished-at="2024-08-07T10:57:35 IST" duration-ms="64770">
      <class name="dataProvider.ReadDataFromDifferentClass">
        <test-method is-config="true" signature="launchData()[pri:0, instance:dataProvider.ReadDataFromDifferentClass@46cdf8bd]" started-at="2024-08-07T10:56:30 IST" name="launchData" finished-at="2024-08-07T10:56:37 IST" duration-ms="6896" status="PASS">
          <reporter-output>
          </reporter-output>
        </test-method> <!-- launchData -->
        <test-method signature="Login(java.lang.String,java.lang.String)[pri:0, instance:dataProvider.ReadDataFromDifferentClass@46cdf8bd]" started-at="2024-08-07T10:56:37 IST" name="Login" data-provider="LoginCredential" finished-at="2024-08-07T10:57:08 IST" duration-ms="30985" status="PASS">
          <params>
            <param index="0">
              <value>
                <![CDATA[jsmith]]>
              </value>
            </param>
            <param index="1">
              <value>
                <![CDATA[demo1234]]>
              </value>
            </param>
          </params>
          <reporter-output>
          </reporter-output>
        </test-method> <!-- Login -->
        <test-method signature="Login(java.lang.String,java.lang.String)[pri:0, instance:dataProvider.ReadDataFromDifferentClass@46cdf8bd]" started-at="2024-08-07T10:57:08 IST" name="Login" data-provider="LoginCredential" finished-at="2024-08-07T10:57:30 IST" duration-ms="21871" status="PASS">
          <params>
            <param index="0">
              <value>
                <![CDATA[jsmi]]>
              </value>
            </param>
            <param index="1">
              <value>
                <![CDATA[demo1234]]>
              </value>
            </param>
          </params>
          <reporter-output>
          </reporter-output>
        </test-method> <!-- Login -->
        <test-method signature="Login(java.lang.String,java.lang.String)[pri:0, instance:dataProvider.ReadDataFromDifferentClass@46cdf8bd]" started-at="2024-08-07T10:57:30 IST" name="Login" data-provider="LoginCredential" finished-at="2024-08-07T10:57:34 IST" duration-ms="4514" status="PASS">
          <params>
            <param index="0">
              <value>
                <![CDATA[jsmith]]>
              </value>
            </param>
            <param index="1">
              <value>
                <![CDATA[demo12]]>
              </value>
            </param>
          </params>
          <reporter-output>
          </reporter-output>
        </test-method> <!-- Login -->
        <test-method is-config="true" signature="teardown()[pri:0, instance:dataProvider.ReadDataFromDifferentClass@46cdf8bd]" started-at="2024-08-07T10:57:34 IST" name="teardown" finished-at="2024-08-07T10:57:35 IST" duration-ms="381" status="PASS">
          <reporter-output>
          </reporter-output>
        </test-method> <!-- teardown -->
      </class> <!-- dataProvider.ReadDataFromDifferentClass -->
    </test> <!-- Default test -->
  </suite> <!-- Default suite -->
</testng-results>
