<?xml version="1.0" encoding="UTF-8"?>
<testng-results ignored="0" total="1" passed="1" failed="0" skipped="0">
  <reporter-output>
  </reporter-output>
  <suite started-at="2024-09-17T23:48:32 IST" name="Default suite" finished-at="2024-09-17T23:49:54 IST" duration-ms="81380">
    <groups>
    </groups>
    <test started-at="2024-09-17T23:48:32 IST" name="Default test" finished-at="2024-09-17T23:49:54 IST" duration-ms="81380">
      <class name="propertiesFile.PropertiesFile">
        <test-method signature="HYRForm()[pri:0, instance:propertiesFile.PropertiesFile@2034b64c]" started-at="2024-09-17T23:48:33 IST" name="HYRForm" finished-at="2024-09-17T23:49:53 IST" duration-ms="80671" status="PASS">
          <reporter-output>
          </reporter-output>
        </test-method> <!-- HYRForm -->
        <test-method is-config="true" signature="tearDown()[pri:0, instance:propertiesFile.PropertiesFile@2034b64c]" started-at="2024-09-17T23:49:53 IST" name="tearDown" finished-at="2024-09-17T23:49:54 IST" duration-ms="479" status="PASS">
          <reporter-output>
          </reporter-output>
        </test-method> <!-- tearDown -->
      </class> <!-- propertiesFile.PropertiesFile -->
    </test> <!-- Default test -->
  </suite> <!-- Default suite -->
</testng-results>
